<?xml version="1.0" encoding="UTF-8"?>
<testng-results ignored="0" total="1" passed="1" failed="0" skipped="0">
  <reporter-output>
  </reporter-output>
  <suite started-at="2021-10-11T12:19:01Z" name="Default suite" finished-at="2021-10-11T12:21:07Z" duration-ms="126755">
    <groups>
    </groups>
    <test started-at="2021-10-11T12:19:01Z" name="Default test" finished-at="2021-10-11T12:21:07Z" duration-ms="126755">
      <class name="Day_009_ExtentReports.ExtentReport_AddEmploye">
        <test-method signature="Report3_Test()[pri:0, instance:Day_009_ExtentReports.ExtentReport_AddEmploye@7526515b]" started-at="2021-10-11T12:19:01Z" name="Report3_Test" finished-at="2021-10-11T12:21:07Z" duration-ms="126459" status="PASS">
          <reporter-output>
          </reporter-output>
        </test-method> <!-- Report3_Test -->
      </class> <!-- Day_009_ExtentReports.ExtentReport_AddEmploye -->
    </test> <!-- Default test -->
  </suite> <!-- Default suite -->
</testng-results>
